<?xml version="1.0" encoding="UTF-8"?>
<!-- Generated by org.testng.reporters.JUnitReportReporter -->
<testsuite hostname="SUCHIKANT" failures="0" tests="1" name="practice.CreateContactTest" time="28.674" errors="0" timestamp="2023-12-08T13:05:20 IST" skipped="0">
  <testcase classname="practice.CreateContactTest" name="m1test" time="28.674"/>
</testsuite> <!-- practice.CreateContactTest -->
